0 info it worked if it ends with ok
1 verbose cli [ 'C:\\Program Files\\nodejs\\node.exe',
1 verbose cli   'C:\\Program Files\\nodejs\\node_modules\\npm\\bin\\npm-cli.js',
1 verbose cli   'run',
1 verbose cli   'lint' ]
2 info using npm@3.10.10
3 info using node@v6.10.0
4 verbose run-script [ 'prelint', 'lint', 'postlint' ]
5 info lifecycle movie-project@1.0.0~prelint: movie-project@1.0.0
6 silly lifecycle movie-project@1.0.0~prelint: no script for prelint, continuing
7 info lifecycle movie-project@1.0.0~lint: movie-project@1.0.0
8 verbose lifecycle movie-project@1.0.0~lint: unsafe-perm in lifecycle true
9 verbose lifecycle movie-project@1.0.0~lint: PATH: C:\Users\oscar\AppData\Roaming\nvm\v6.10.0\node_modules\npm\bin\node-gyp-bin;C:\Users\oscar\Desktop\movie-project\node_modules\.bin;C:\Users\oscar\bin;C:\Program Files\Git\mingw64\bin;C:\Program Files\Git\usr\local\bin;C:\Program Files\Git\usr\bin;C:\Program Files\Git\usr\bin;C:\Program Files\Git\mingw64\bin;C:\Program Files\Git\usr\bin;C:\Users\oscar\bin;C:\Program Files (x86)\Intel\iCLS Client;C:\Program Files\Intel\iCLS Client;C:\Windows\system32;C:\Windows;C:\Windows\System32\Wbem;C:\Windows\System32\WindowsPowerShell\v1.0;C:\Program Files (x86)\NVIDIA Corporation\PhysX\Common;C:\Program Files (x86)\Intel\Intel(R) Management Engine Components\DAL;C:\Program Files\Intel\Intel(R) Management Engine Components\DAL;C:\Program Files (x86)\Intel\Intel(R) Management Engine Components\IPT;C:\Program Files\Intel\Intel(R) Management Engine Components\IPT;C:\WINDOWS\system32;C:\WINDOWS;C:\WINDOWS\System32\Wbem;C:\WINDOWS\System32\WindowsPowerShell\v1.0;C:\Program Files\Git\cmd;C:\Users\oscar\AppData\Roaming\nvm;C:\Program Files\nodejs;C:\WINDOWS\System32\OpenSSH;C:\Program Files\Intel\WiFi\bin;C:\Program Files\Common Files\Intel\WirelessCommon;C:\Users\oscar\AppData\Local\Microsoft\WindowsApps;C:\Users\oscar\AppData\Roaming\npm;C:\Users\oscar\AppData\Local\atom\bin;C:\Users\oscar\AppData\Roaming\nvm;C:\Program Files\nodejs;C:\Users\oscar\AppData\Local\Microsoft\WindowsApps;C:\Users\oscar\AppData\Local\Programs\Microsoft VS Code\bin;C:\Program Files\Git\usr\bin\vendor_perl;C:\Program Files\Git\usr\bin\core_perl
10 verbose lifecycle movie-project@1.0.0~lint: CWD: C:\Users\oscar\Desktop\movie-project
11 silly lifecycle movie-project@1.0.0~lint: Args: [ '/d /s /c', 'eslint "src/**/*.{js,jsx}" --quiet' ]
12 silly lifecycle movie-project@1.0.0~lint: Returned: code: 1  signal: null
13 info lifecycle movie-project@1.0.0~lint: Failed to exec lint script
14 verbose stack Error: movie-project@1.0.0 lint: `eslint "src/**/*.{js,jsx}" --quiet`
14 verbose stack Exit status 1
14 verbose stack     at EventEmitter.<anonymous> (C:\Users\oscar\AppData\Roaming\nvm\v6.10.0\node_modules\npm\lib\utils\lifecycle.js:255:16)
14 verbose stack     at emitTwo (events.js:106:13)
14 verbose stack     at EventEmitter.emit (events.js:191:7)
14 verbose stack     at ChildProcess.<anonymous> (C:\Users\oscar\AppData\Roaming\nvm\v6.10.0\node_modules\npm\lib\utils\spawn.js:40:14)
14 verbose stack     at emitTwo (events.js:106:13)
14 verbose stack     at ChildProcess.emit (events.js:191:7)
14 verbose stack     at maybeClose (internal/child_process.js:877:16)
14 verbose stack     at Process.ChildProcess._handle.onexit (internal/child_process.js:226:5)
15 verbose pkgid movie-project@1.0.0
16 verbose cwd C:\Users\oscar\Desktop\movie-project
17 error Windows_NT 10.0.18362
18 error argv "C:\\Program Files\\nodejs\\node.exe" "C:\\Program Files\\nodejs\\node_modules\\npm\\bin\\npm-cli.js" "run" "lint"
19 error node v6.10.0
20 error npm  v3.10.10
21 error code ELIFECYCLE
22 error movie-project@1.0.0 lint: `eslint "src/**/*.{js,jsx}" --quiet`
22 error Exit status 1
23 error Failed at the movie-project@1.0.0 lint script 'eslint "src/**/*.{js,jsx}" --quiet'.
23 error Make sure you have the latest version of node.js and npm installed.
23 error If you do, this is most likely a problem with the movie-project package,
23 error not with npm itself.
23 error Tell the author that this fails on your system:
23 error     eslint "src/**/*.{js,jsx}" --quiet
23 error You can get information on how to open an issue for this project with:
23 error     npm bugs movie-project
23 error Or if that isn't available, you can get their info via:
23 error     npm owner ls movie-project
23 error There is likely additional logging output above.
24 verbose exit [ 1, true ]
